# github.com/dkoosis/fo/examples/composition
examples/composition/dashboard.go:17:2: fmt.Println arg list ends with redundant newline
ok  	github.com/dkoosis/fo/cmd	(cached)
FAIL	github.com/dkoosis/fo/examples/composition [build failed]
ok  	github.com/dkoosis/fo/internal/config	(cached)
?   	github.com/dkoosis/fo/internal/magetasks	[no test files]
?   	github.com/dkoosis/fo/internal/version	[no test files]
ok  	github.com/dkoosis/fo/mageconsole	(cached)
ok  	github.com/dkoosis/fo/pkg/adapter	(cached)
==================
WARNING: DATA RACE
Write at 0x00c000108cf2 by goroutine 68:
  golang.org/x/text/cases.(*context).Reset()
      /root/go/pkg/mod/golang.org/x/text@v0.31.0/cases/context.go:38 +0x35
  golang.org/x/text/cases.(*titleCaser).Reset()
      <autogenerated>:1 +0x17
  golang.org/x/text/transform.String()
      /root/go/pkg/mod/golang.org/x/text@v0.31.0/transform/transform.go:569 +0x5c
  golang.org/x/text/cases.Caser.String()
      /root/go/pkg/mod/golang.org/x/text@v0.31.0/cases/cases.go:51 +0x1ab5
  github.com/dkoosis/fo/pkg/design.RenderDirectMessage()
      /workspace/fo/pkg/design/render.go:630 +0x198
  github.com/dkoosis/fo/pkg/design.TestRenderDirectMessage_When_ErrorType()
      /workspace/fo/pkg/design/render_test.go:276 +0x64
  testing.tRunner()
      /root/.local/share/mise/installs/go/1.25.1/src/testing/testing.go:1934 +0x21c
  testing.(*T).Run.gowrap1()
      /root/.local/share/mise/installs/go/1.25.1/src/testing/testing.go:1997 +0x44

Previous write at 0x00c000108cf2 by goroutine 67:
  golang.org/x/text/cases.(*titleCaser).Transform()
      /root/go/pkg/mod/golang.org/x/text@v0.31.0/cases/map.go:336 +0x139
  golang.org/x/text/transform.String()
      /root/go/pkg/mod/golang.org/x/text@v0.31.0/transform/transform.go:601 +0x1c4
  golang.org/x/text/cases.Caser.String()
      /root/go/pkg/mod/golang.org/x/text@v0.31.0/cases/cases.go:51 +0x1ab5
  github.com/dkoosis/fo/pkg/design.RenderDirectMessage()
      /workspace/fo/pkg/design/render.go:630 +0x198
  github.com/dkoosis/fo/pkg/design.TestRenderDirectMessage_When_SuccessType()
      /workspace/fo/pkg/design/render_test.go:266 +0x64
  testing.tRunner()
      /root/.local/share/mise/installs/go/1.25.1/src/testing/testing.go:1934 +0x21c
  testing.(*T).Run.gowrap1()
      /root/.local/share/mise/installs/go/1.25.1/src/testing/testing.go:1997 +0x44

Goroutine 68 (running) created at:
  testing.(*T).Run()
      /root/.local/share/mise/installs/go/1.25.1/src/testing/testing.go:1997 +0x9d2
  testing.runTests.func1()
      /root/.local/share/mise/installs/go/1.25.1/src/testing/testing.go:2477 +0x85
  testing.tRunner()
      /root/.local/share/mise/installs/go/1.25.1/src/testing/testing.go:1934 +0x21c
  testing.runTests()
      /root/.local/share/mise/installs/go/1.25.1/src/testing/testing.go:2475 +0x96c
  testing.(*M).Run()
      /root/.local/share/mise/installs/go/1.25.1/src/testing/testing.go:2337 +0xed4
  main.main()
      _testmain.go:239 +0x164

Goroutine 67 (running) created at:
  testing.(*T).Run()
      /root/.local/share/mise/installs/go/1.25.1/src/testing/testing.go:1997 +0x9d2
  testing.runTests.func1()
      /root/.local/share/mise/installs/go/1.25.1/src/testing/testing.go:2477 +0x85
  testing.tRunner()
      /root/.local/share/mise/installs/go/1.25.1/src/testing/testing.go:1934 +0x21c
  testing.runTests()
      /root/.local/share/mise/installs/go/1.25.1/src/testing/testing.go:2475 +0x96c
  testing.(*M).Run()
      /root/.local/share/mise/installs/go/1.25.1/src/testing/testing.go:2337 +0xed4
  main.main()
      _testmain.go:239 +0x164
==================
==================
WARNING: DATA RACE
Write at 0x00c000108c80 by goroutine 68:
  golang.org/x/text/cases.(*titleCaser).Transform()
      /root/go/pkg/mod/golang.org/x/text@v0.31.0/cases/map.go:336 +0x139
  golang.org/x/text/transform.String()
      /root/go/pkg/mod/golang.org/x/text@v0.31.0/transform/transform.go:601 +0x1c4
  golang.org/x/text/cases.Caser.String()
      /root/go/pkg/mod/golang.org/x/text@v0.31.0/cases/cases.go:51 +0x1ab5
  github.com/dkoosis/fo/pkg/design.RenderDirectMessage()
      /workspace/fo/pkg/design/render.go:630 +0x198
  github.com/dkoosis/fo/pkg/design.TestRenderDirectMessage_When_ErrorType()
      /workspace/fo/pkg/design/render_test.go:276 +0x64
  testing.tRunner()
      /root/.local/share/mise/installs/go/1.25.1/src/testing/testing.go:1934 +0x21c
  testing.(*T).Run.gowrap1()
      /root/.local/share/mise/installs/go/1.25.1/src/testing/testing.go:1997 +0x44

Previous write at 0x00c000108c80 by goroutine 67:
  golang.org/x/text/cases.(*titleCaser).Transform()
      /root/go/pkg/mod/golang.org/x/text@v0.31.0/cases/map.go:336 +0x139
  golang.org/x/text/transform.String()
      /root/go/pkg/mod/golang.org/x/text@v0.31.0/transform/transform.go:601 +0x1c4
  golang.org/x/text/cases.Caser.String()
      /root/go/pkg/mod/golang.org/x/text@v0.31.0/cases/cases.go:51 +0x1ab5
  github.com/dkoosis/fo/pkg/design.RenderDirectMessage()
      /workspace/fo/pkg/design/render.go:630 +0x198
  github.com/dkoosis/fo/pkg/design.TestRenderDirectMessage_When_SuccessType()
      /workspace/fo/pkg/design/render_test.go:266 +0x64
  testing.tRunner()
      /root/.local/share/mise/installs/go/1.25.1/src/testing/testing.go:1934 +0x21c
  testing.(*T).Run.gowrap1()
      /root/.local/share/mise/installs/go/1.25.1/src/testing/testing.go:1997 +0x44

Goroutine 68 (running) created at:
  testing.(*T).Run()
      /root/.local/share/mise/installs/go/1.25.1/src/testing/testing.go:1997 +0x9d2
  testing.runTests.func1()
      /root/.local/share/mise/installs/go/1.25.1/src/testing/testing.go:2477 +0x85
  testing.tRunner()
      /root/.local/share/mise/installs/go/1.25.1/src/testing/testing.go:1934 +0x21c
  testing.runTests()
      /root/.local/share/mise/installs/go/1.25.1/src/testing/testing.go:2475 +0x96c
  testing.(*M).Run()
      /root/.local/share/mise/installs/go/1.25.1/src/testing/testing.go:2337 +0xed4
  main.main()
      _testmain.go:239 +0x164

Goroutine 67 (running) created at:
  testing.(*T).Run()
      /root/.local/share/mise/installs/go/1.25.1/src/testing/testing.go:1997 +0x9d2
  testing.runTests.func1()
      /root/.local/share/mise/installs/go/1.25.1/src/testing/testing.go:2477 +0x85
  testing.tRunner()
      /root/.local/share/mise/installs/go/1.25.1/src/testing/testing.go:1934 +0x21c
  testing.runTests()
      /root/.local/share/mise/installs/go/1.25.1/src/testing/testing.go:2475 +0x96c
  testing.(*M).Run()
      /root/.local/share/mise/installs/go/1.25.1/src/testing/testing.go:2337 +0xed4
  main.main()
      _testmain.go:239 +0x164
==================
==================
WARNING: DATA RACE
Read at 0x00c000108cc0 by goroutine 68:
  golang.org/x/text/cases.(*context).next()
      /root/go/pkg/mod/golang.org/x/text@v0.31.0/cases/context.go:80 +0x3e
  golang.org/x/text/cases.(*titleCaser).Transform()
      /root/go/pkg/mod/golang.org/x/text@v0.31.0/cases/map.go:339 +0x19b
  golang.org/x/text/transform.String()
      /root/go/pkg/mod/golang.org/x/text@v0.31.0/transform/transform.go:601 +0x1c4
  golang.org/x/text/cases.Caser.String()
      /root/go/pkg/mod/golang.org/x/text@v0.31.0/cases/cases.go:51 +0x1ab5
  github.com/dkoosis/fo/pkg/design.RenderDirectMessage()
      /workspace/fo/pkg/design/render.go:630 +0x198
  github.com/dkoosis/fo/pkg/design.TestRenderDirectMessage_When_ErrorType()
      /workspace/fo/pkg/design/render_test.go:276 +0x64
  testing.tRunner()
      /root/.local/share/mise/installs/go/1.25.1/src/testing/testing.go:1934 +0x21c
  testing.(*T).Run.gowrap1()
      /root/.local/share/mise/installs/go/1.25.1/src/testing/testing.go:1997 +0x44

Previous write at 0x00c000108cc0 by goroutine 67:
  golang.org/x/text/cases.(*context).next()
      /root/go/pkg/mod/golang.org/x/text@v0.31.0/cases/context.go:80 +0x7d
  golang.org/x/text/cases.(*titleCaser).Transform()
      /root/go/pkg/mod/golang.org/x/text@v0.31.0/cases/map.go:339 +0x19b
  golang.org/x/text/transform.String()
      /root/go/pkg/mod/golang.org/x/text@v0.31.0/transform/transform.go:601 +0x1c4
  golang.org/x/text/cases.Caser.String()
      /root/go/pkg/mod/golang.org/x/text@v0.31.0/cases/cases.go:51 +0x1ab5
  github.com/dkoosis/fo/pkg/design.RenderDirectMessage()
      /workspace/fo/pkg/design/render.go:630 +0x198
  github.com/dkoosis/fo/pkg/design.TestRenderDirectMessage_When_SuccessType()
      /workspace/fo/pkg/design/render_test.go:266 +0x64
  testing.tRunner()
      /root/.local/share/mise/installs/go/1.25.1/src/testing/testing.go:1934 +0x21c
  testing.(*T).Run.gowrap1()
      /root/.local/share/mise/installs/go/1.25.1/src/testing/testing.go:1997 +0x44

Goroutine 68 (running) created at:
  testing.(*T).Run()
      /root/.local/share/mise/installs/go/1.25.1/src/testing/testing.go:1997 +0x9d2
  testing.runTests.func1()
      /root/.local/share/mise/installs/go/1.25.1/src/testing/testing.go:2477 +0x85
  testing.tRunner()
      /root/.local/share/mise/installs/go/1.25.1/src/testing/testing.go:1934 +0x21c
  testing.runTests()
      /root/.local/share/mise/installs/go/1.25.1/src/testing/testing.go:2475 +0x96c
  testing.(*M).Run()
      /root/.local/share/mise/installs/go/1.25.1/src/testing/testing.go:2337 +0xed4
  main.main()
      _testmain.go:239 +0x164

Goroutine 67 (running) created at:
  testing.(*T).Run()
      /root/.local/share/mise/installs/go/1.25.1/src/testing/testing.go:1997 +0x9d2
  testing.runTests.func1()
      /root/.local/share/mise/installs/go/1.25.1/src/testing/testing.go:2477 +0x85
  testing.tRunner()
      /root/.local/share/mise/installs/go/1.25.1/src/testing/testing.go:1934 +0x21c
  testing.runTests()
      /root/.local/share/mise/installs/go/1.25.1/src/testing/testing.go:2475 +0x96c
  testing.(*M).Run()
      /root/.local/share/mise/installs/go/1.25.1/src/testing/testing.go:2337 +0xed4
  main.main()
      _testmain.go:239 +0x164
==================
==================
WARNING: DATA RACE
Read at 0x00c000108ce8 by goroutine 68:
  golang.org/x/text/cases.(*context).next()
      /root/go/pkg/mod/golang.org/x/text@v0.31.0/cases/context.go:80 +0x5d
  golang.org/x/text/cases.(*titleCaser).Transform()
      /root/go/pkg/mod/golang.org/x/text@v0.31.0/cases/map.go:339 +0x19b
  golang.org/x/text/transform.String()
      /root/go/pkg/mod/golang.org/x/text@v0.31.0/transform/transform.go:601 +0x1c4
  golang.org/x/text/cases.Caser.String()
      /root/go/pkg/mod/golang.org/x/text@v0.31.0/cases/cases.go:51 +0x1ab5
  github.com/dkoosis/fo/pkg/design.RenderDirectMessage()
      /workspace/fo/pkg/design/render.go:630 +0x198
  github.com/dkoosis/fo/pkg/design.TestRenderDirectMessage_When_ErrorType()
      /workspace/fo/pkg/design/render_test.go:276 +0x64
  testing.tRunner()
      /root/.local/share/mise/installs/go/1.25.1/src/testing/testing.go:1934 +0x21c
  testing.(*T).Run.gowrap1()
      /root/.local/share/mise/installs/go/1.25.1/src/testing/testing.go:1997 +0x44

Previous write at 0x00c000108ce8 by goroutine 67:
  golang.org/x/text/cases.(*context).next()
      /root/go/pkg/mod/golang.org/x/text@v0.31.0/cases/context.go:86 +0x204
  golang.org/x/text/cases.(*titleCaser).Transform()
      /root/go/pkg/mod/golang.org/x/text@v0.31.0/cases/map.go:339 +0x19b
  golang.org/x/text/transform.String()
      /root/go/pkg/mod/golang.org/x/text@v0.31.0/transform/transform.go:601 +0x1c4
  golang.org/x/text/cases.Caser.String()
      /root/go/pkg/mod/golang.org/x/text@v0.31.0/cases/cases.go:51 +0x1ab5
  github.com/dkoosis/fo/pkg/design.RenderDirectMessage()
      /workspace/fo/pkg/design/render.go:630 +0x198
  github.com/dkoosis/fo/pkg/design.TestRenderDirectMessage_When_SuccessType()
      /workspace/fo/pkg/design/render_test.go:266 +0x64
  testing.tRunner()
      /root/.local/share/mise/installs/go/1.25.1/src/testing/testing.go:1934 +0x21c
  testing.(*T).Run.gowrap1()
      /root/.local/share/mise/installs/go/1.25.1/src/testing/testing.go:1997 +0x44

Goroutine 68 (running) created at:
  testing.(*T).Run()
      /root/.local/share/mise/installs/go/1.25.1/src/testing/testing.go:1997 +0x9d2
  testing.runTests.func1()
      /root/.local/share/mise/installs/go/1.25.1/src/testing/testing.go:2477 +0x85
  testing.tRunner()
      /root/.local/share/mise/installs/go/1.25.1/src/testing/testing.go:1934 +0x21c
  testing.runTests()
      /root/.local/share/mise/installs/go/1.25.1/src/testing/testing.go:2475 +0x96c
  testing.(*M).Run()
      /root/.local/share/mise/installs/go/1.25.1/src/testing/testing.go:2337 +0xed4
  main.main()
      _testmain.go:239 +0x164

Goroutine 67 (running) created at:
  testing.(*T).Run()
      /root/.local/share/mise/installs/go/1.25.1/src/testing/testing.go:1997 +0x9d2
  testing.runTests.func1()
      /root/.local/share/mise/installs/go/1.25.1/src/testing/testing.go:2477 +0x85
  testing.tRunner()
      /root/.local/share/mise/installs/go/1.25.1/src/testing/testing.go:1934 +0x21c
  testing.runTests()
      /root/.local/share/mise/installs/go/1.25.1/src/testing/testing.go:2475 +0x96c
  testing.(*M).Run()
      /root/.local/share/mise/installs/go/1.25.1/src/testing/testing.go:2337 +0xed4
  main.main()
      _testmain.go:239 +0x164
==================
==================
WARNING: DATA RACE
Read at 0x00c000108c98 by goroutine 68:
  golang.org/x/text/cases.(*context).next()
      /root/go/pkg/mod/golang.org/x/text@v0.31.0/cases/context.go:81 +0x9c
  golang.org/x/text/cases.(*titleCaser).Transform()
      /root/go/pkg/mod/golang.org/x/text@v0.31.0/cases/map.go:339 +0x19b
  golang.org/x/text/transform.String()
      /root/go/pkg/mod/golang.org/x/text@v0.31.0/transform/transform.go:601 +0x1c4
  golang.org/x/text/cases.Caser.String()
      /root/go/pkg/mod/golang.org/x/text@v0.31.0/cases/cases.go:51 +0x1ab5
  github.com/dkoosis/fo/pkg/design.RenderDirectMessage()
      /workspace/fo/pkg/design/render.go:630 +0x198
  github.com/dkoosis/fo/pkg/design.TestRenderDirectMessage_When_ErrorType()
      /workspace/fo/pkg/design/render_test.go:276 +0x64
  testing.tRunner()
      /root/.local/share/mise/installs/go/1.25.1/src/testing/testing.go:1934 +0x21c
  testing.(*T).Run.gowrap1()
      /root/.local/share/mise/installs/go/1.25.1/src/testing/testing.go:1997 +0x44

Previous write at 0x00c000108c98 by goroutine 67:
  golang.org/x/text/cases.(*titleCaser).Transform()
      /root/go/pkg/mod/golang.org/x/text@v0.31.0/cases/map.go:336 +0x139
  golang.org/x/text/transform.String()
      /root/go/pkg/mod/golang.org/x/text@v0.31.0/transform/transform.go:601 +0x1c4
  golang.org/x/text/cases.Caser.String()
      /root/go/pkg/mod/golang.org/x/text@v0.31.0/cases/cases.go:51 +0x1ab5
  github.com/dkoosis/fo/pkg/design.RenderDirectMessage()
      /workspace/fo/pkg/design/render.go:630 +0x198
  github.com/dkoosis/fo/pkg/design.TestRenderDirectMessage_When_SuccessType()
      /workspace/fo/pkg/design/render_test.go:266 +0x64
  testing.tRunner()
      /root/.local/share/mise/installs/go/1.25.1/src/testing/testing.go:1934 +0x21c
  testing.(*T).Run.gowrap1()
      /root/.local/share/mise/installs/go/1.25.1/src/testing/testing.go:1997 +0x44

Goroutine 68 (running) created at:
  testing.(*T).Run()
      /root/.local/share/mise/installs/go/1.25.1/src/testing/testing.go:1997 +0x9d2
  testing.runTests.func1()
      /root/.local/share/mise/installs/go/1.25.1/src/testing/testing.go:2477 +0x85
  testing.tRunner()
      /root/.local/share/mise/installs/go/1.25.1/src/testing/testing.go:1934 +0x21c
  testing.runTests()
      /root/.local/share/mise/installs/go/1.25.1/src/testing/testing.go:2475 +0x96c
  testing.(*M).Run()
      /root/.local/share/mise/installs/go/1.25.1/src/testing/testing.go:2337 +0xed4
  main.main()
      _testmain.go:239 +0x164

Goroutine 67 (running) created at:
  testing.(*T).Run()
      /root/.local/share/mise/installs/go/1.25.1/src/testing/testing.go:1997 +0x9d2
  testing.runTests.func1()
      /root/.local/share/mise/installs/go/1.25.1/src/testing/testing.go:2477 +0x85
  testing.tRunner()
      /root/.local/share/mise/installs/go/1.25.1/src/testing/testing.go:1934 +0x21c
  testing.runTests()
      /root/.local/share/mise/installs/go/1.25.1/src/testing/testing.go:2475 +0x96c
  testing.(*M).Run()
      /root/.local/share/mise/installs/go/1.25.1/src/testing/testing.go:2337 +0xed4
  main.main()
      _testmain.go:239 +0x164
==================
==================
WARNING: DATA RACE
Read at 0x00c000108cd8 by goroutine 68:
  golang.org/x/text/cases.(*context).next()
      /root/go/pkg/mod/golang.org/x/text@v0.31.0/cases/context.go:81 +0xd8
  golang.org/x/text/cases.(*titleCaser).Transform()
      /root/go/pkg/mod/golang.org/x/text@v0.31.0/cases/map.go:339 +0x19b
  golang.org/x/text/transform.String()
      /root/go/pkg/mod/golang.org/x/text@v0.31.0/transform/transform.go:601 +0x1c4
  golang.org/x/text/cases.Caser.String()
      /root/go/pkg/mod/golang.org/x/text@v0.31.0/cases/cases.go:51 +0x1ab5
  github.com/dkoosis/fo/pkg/design.RenderDirectMessage()
      /workspace/fo/pkg/design/render.go:630 +0x198
  github.com/dkoosis/fo/pkg/design.TestRenderDirectMessage_When_ErrorType()
      /workspace/fo/pkg/design/render_test.go:276 +0x64
  testing.tRunner()
      /root/.local/share/mise/installs/go/1.25.1/src/testing/testing.go:1934 +0x21c
  testing.(*T).Run.gowrap1()
      /root/.local/share/mise/installs/go/1.25.1/src/testing/testing.go:1997 +0x44

Previous write at 0x00c000108cd8 by goroutine 67:
  golang.org/x/text/cases.(*titleCaser).Transform()
      /root/go/pkg/mod/golang.org/x/text@v0.31.0/cases/map.go:336 +0x139
  golang.org/x/text/transform.String()
      /root/go/pkg/mod/golang.org/x/text@v0.31.0/transform/transform.go:601 +0x1c4
  golang.org/x/text/cases.Caser.String()
      /root/go/pkg/mod/golang.org/x/text@v0.31.0/cases/cases.go:51 +0x1ab5
  github.com/dkoosis/fo/pkg/design.RenderDirectMessage()
      /workspace/fo/pkg/design/render.go:630 +0x198
  github.com/dkoosis/fo/pkg/design.TestRenderDirectMessage_When_SuccessType()
      /workspace/fo/pkg/design/render_test.go:266 +0x64
  testing.tRunner()
      /root/.local/share/mise/installs/go/1.25.1/src/testing/testing.go:1934 +0x21c
  testing.(*T).Run.gowrap1()
      /root/.local/share/mise/installs/go/1.25.1/src/testing/testing.go:1997 +0x44

Goroutine 68 (running) created at:
  testing.(*T).Run()
      /root/.local/share/mise/installs/go/1.25.1/src/testing/testing.go:1997 +0x9d2
  testing.runTests.func1()
      /root/.local/share/mise/installs/go/1.25.1/src/testing/testing.go:2477 +0x85
  testing.tRunner()
      /root/.local/share/mise/installs/go/1.25.1/src/testing/testing.go:1934 +0x21c
  testing.runTests()
      /root/.local/share/mise/installs/go/1.25.1/src/testing/testing.go:2475 +0x96c
  testing.(*M).Run()
      /root/.local/share/mise/installs/go/1.25.1/src/testing/testing.go:2337 +0xed4
  main.main()
      _testmain.go:239 +0x164

Goroutine 67 (running) created at:
  testing.(*T).Run()
      /root/.local/share/mise/installs/go/1.25.1/src/testing/testing.go:1997 +0x9d2
  testing.runTests.func1()
      /root/.local/share/mise/installs/go/1.25.1/src/testing/testing.go:2477 +0x85
  testing.tRunner()
      /root/.local/share/mise/installs/go/1.25.1/src/testing/testing.go:1934 +0x21c
  testing.runTests()
      /root/.local/share/mise/installs/go/1.25.1/src/testing/testing.go:2475 +0x96c
  testing.(*M).Run()
      /root/.local/share/mise/installs/go/1.25.1/src/testing/testing.go:2337 +0xed4
  main.main()
      _testmain.go:239 +0x164
==================
==================
WARNING: DATA RACE
Read at 0x00c000108cb8 by goroutine 68:
  golang.org/x/text/cases.(*context).writeBytes()
      /root/go/pkg/mod/golang.org/x/text@v0.31.0/cases/context.go:103 +0x124
  golang.org/x/text/cases.(*context).copy()
      /root/go/pkg/mod/golang.org/x/text@v0.31.0/cases/context.go:131 +0x12
  golang.org/x/text/cases.(*context).copyXOR()
      /root/go/pkg/mod/golang.org/x/text@v0.31.0/cases/context.go:138 +0x4c
  golang.org/x/text/cases.title()
      /root/go/pkg/mod/golang.org/x/text@v0.31.0/cases/context.go:283 +0x54e
  golang.org/x/text/cases.(*titleCaser).Transform()
      /root/go/pkg/mod/golang.org/x/text@v0.31.0/cases/map.go:354 +0x4c1
  golang.org/x/text/transform.String()
      /root/go/pkg/mod/golang.org/x/text@v0.31.0/transform/transform.go:601 +0x1c4
  golang.org/x/text/cases.Caser.String()
      /root/go/pkg/mod/golang.org/x/text@v0.31.0/cases/cases.go:51 +0x1ab5
  github.com/dkoosis/fo/pkg/design.RenderDirectMessage()
      /workspace/fo/pkg/design/render.go:630 +0x198
  github.com/dkoosis/fo/pkg/design.TestRenderDirectMessage_When_ErrorType()
      /workspace/fo/pkg/design/render_test.go:276 +0x64
  testing.tRunner()
      /root/.local/share/mise/installs/go/1.25.1/src/testing/testing.go:1934 +0x21c
  testing.(*T).Run.gowrap1()
      /root/.local/share/mise/installs/go/1.25.1/src/testing/testing.go:1997 +0x44

Previous write at 0x00c000108cb8 by goroutine 67:
  golang.org/x/text/cases.(*context).writeBytes()
      /root/go/pkg/mod/golang.org/x/text@v0.31.0/cases/context.go:110 +0x224
  golang.org/x/text/cases.(*context).copy()
      /root/go/pkg/mod/golang.org/x/text@v0.31.0/cases/context.go:131 +0x12
  golang.org/x/text/cases.(*context).copyXOR()
      /root/go/pkg/mod/golang.org/x/text@v0.31.0/cases/context.go:138 +0x4c
  golang.org/x/text/cases.title()
      /root/go/pkg/mod/golang.org/x/text@v0.31.0/cases/context.go:283 +0x54e
  golang.org/x/text/cases.(*titleCaser).Transform()
      /root/go/pkg/mod/golang.org/x/text@v0.31.0/cases/map.go:354 +0x4c1
  golang.org/x/text/transform.String()
      /root/go/pkg/mod/golang.org/x/text@v0.31.0/transform/transform.go:601 +0x1c4
  golang.org/x/text/cases.Caser.String()
      /root/go/pkg/mod/golang.org/x/text@v0.31.0/cases/cases.go:51 +0x1ab5
  github.com/dkoosis/fo/pkg/design.RenderDirectMessage()
      /workspace/fo/pkg/design/render.go:630 +0x198
  github.com/dkoosis/fo/pkg/design.TestRenderDirectMessage_When_SuccessType()
      /workspace/fo/pkg/design/render_test.go:266 +0x64
  testing.tRunner()
      /root/.local/share/mise/installs/go/1.25.1/src/testing/testing.go:1934 +0x21c
  testing.(*T).Run.gowrap1()
      /root/.local/share/mise/installs/go/1.25.1/src/testing/testing.go:1997 +0x44

Goroutine 68 (running) created at:
  testing.(*T).Run()
      /root/.local/share/mise/installs/go/1.25.1/src/testing/testing.go:1997 +0x9d2
  testing.runTests.func1()
      /root/.local/share/mise/installs/go/1.25.1/src/testing/testing.go:2477 +0x85
  testing.tRunner()
      /root/.local/share/mise/installs/go/1.25.1/src/testing/testing.go:1934 +0x21c
  testing.runTests()
      /root/.local/share/mise/installs/go/1.25.1/src/testing/testing.go:2475 +0x96c
  testing.(*M).Run()
      /root/.local/share/mise/installs/go/1.25.1/src/testing/testing.go:2337 +0xed4
  main.main()
      _testmain.go:239 +0x164

Goroutine 67 (running) created at:
  testing.(*T).Run()
      /root/.local/share/mise/installs/go/1.25.1/src/testing/testing.go:1997 +0x9d2
  testing.runTests.func1()
      /root/.local/share/mise/installs/go/1.25.1/src/testing/testing.go:2477 +0x85
  testing.tRunner()
      /root/.local/share/mise/installs/go/1.25.1/src/testing/testing.go:1934 +0x21c
  testing.runTests()
      /root/.local/share/mise/installs/go/1.25.1/src/testing/testing.go:2475 +0x96c
  testing.(*M).Run()
      /root/.local/share/mise/installs/go/1.25.1/src/testing/testing.go:2337 +0xed4
  main.main()
      _testmain.go:239 +0x164
==================
==================
WARNING: DATA RACE
Write at 0x00c000108cc8 by goroutine 68:
  golang.org/x/text/cases.(*context).checkpoint()
      /root/go/pkg/mod/golang.org/x/text@v0.31.0/cases/context.go:69 +0x825
  golang.org/x/text/cases.(*titleCaser).Transform()
      /root/go/pkg/mod/golang.org/x/text@v0.31.0/cases/map.go:370 +0x782
  golang.org/x/text/transform.String()
      /root/go/pkg/mod/golang.org/x/text@v0.31.0/transform/transform.go:601 +0x1c4
  golang.org/x/text/cases.Caser.String()
      /root/go/pkg/mod/golang.org/x/text@v0.31.0/cases/cases.go:51 +0x1ab5
  github.com/dkoosis/fo/pkg/design.RenderDirectMessage()
      /workspace/fo/pkg/design/render.go:630 +0x198
  github.com/dkoosis/fo/pkg/design.TestRenderDirectMessage_When_ErrorType()
      /workspace/fo/pkg/design/render_test.go:276 +0x64
  testing.tRunner()
      /root/.local/share/mise/installs/go/1.25.1/src/testing/testing.go:1934 +0x21c
  testing.(*T).Run.gowrap1()
      /root/.local/share/mise/installs/go/1.25.1/src/testing/testing.go:1997 +0x44

Previous write at 0x00c000108cc8 by goroutine 67:
  golang.org/x/text/cases.(*titleCaser).Transform()
      /root/go/pkg/mod/golang.org/x/text@v0.31.0/cases/map.go:336 +0x139
  golang.org/x/text/transform.String()
      /root/go/pkg/mod/golang.org/x/text@v0.31.0/transform/transform.go:601 +0x1c4
  golang.org/x/text/cases.Caser.String()
      /root/go/pkg/mod/golang.org/x/text@v0.31.0/cases/cases.go:51 +0x1ab5
  github.com/dkoosis/fo/pkg/design.RenderDirectMessage()
      /workspace/fo/pkg/design/render.go:630 +0x198
  github.com/dkoosis/fo/pkg/design.TestRenderDirectMessage_When_SuccessType()
      /workspace/fo/pkg/design/render_test.go:266 +0x64
  testing.tRunner()
      /root/.local/share/mise/installs/go/1.25.1/src/testing/testing.go:1934 +0x21c
  testing.(*T).Run.gowrap1()
      /root/.local/share/mise/installs/go/1.25.1/src/testing/testing.go:1997 +0x44

Goroutine 68 (running) created at:
  testing.(*T).Run()
      /root/.local/share/mise/installs/go/1.25.1/src/testing/testing.go:1997 +0x9d2
  testing.runTests.func1()
      /root/.local/share/mise/installs/go/1.25.1/src/testing/testing.go:2477 +0x85
  testing.tRunner()
      /root/.local/share/mise/installs/go/1.25.1/src/testing/testing.go:1934 +0x21c
  testing.runTests()
      /root/.local/share/mise/installs/go/1.25.1/src/testing/testing.go:2475 +0x96c
  testing.(*M).Run()
      /root/.local/share/mise/installs/go/1.25.1/src/testing/testing.go:2337 +0xed4
  main.main()
      _testmain.go:239 +0x164

Goroutine 67 (running) created at:
  testing.(*T).Run()
      /root/.local/share/mise/installs/go/1.25.1/src/testing/testing.go:1997 +0x9d2
  testing.runTests.func1()
      /root/.local/share/mise/installs/go/1.25.1/src/testing/testing.go:2477 +0x85
  testing.tRunner()
      /root/.local/share/mise/installs/go/1.25.1/src/testing/testing.go:1934 +0x21c
  testing.runTests()
      /root/.local/share/mise/installs/go/1.25.1/src/testing/testing.go:2475 +0x96c
  testing.(*M).Run()
      /root/.local/share/mise/installs/go/1.25.1/src/testing/testing.go:2337 +0xed4
  main.main()
      _testmain.go:239 +0x164
==================
==================
WARNING: DATA RACE
Write at 0x00c000108cd0 by goroutine 68:
  golang.org/x/text/cases.(*context).checkpoint()
      /root/go/pkg/mod/golang.org/x/text@v0.31.0/cases/context.go:69 +0x844
  golang.org/x/text/cases.(*titleCaser).Transform()
      /root/go/pkg/mod/golang.org/x/text@v0.31.0/cases/map.go:370 +0x782
  golang.org/x/text/transform.String()
      /root/go/pkg/mod/golang.org/x/text@v0.31.0/transform/transform.go:601 +0x1c4
  golang.org/x/text/cases.Caser.String()
      /root/go/pkg/mod/golang.org/x/text@v0.31.0/cases/cases.go:51 +0x1ab5
  github.com/dkoosis/fo/pkg/design.RenderDirectMessage()
      /workspace/fo/pkg/design/render.go:630 +0x198
  github.com/dkoosis/fo/pkg/design.TestRenderDirectMessage_When_ErrorType()
      /workspace/fo/pkg/design/render_test.go:276 +0x64
  testing.tRunner()
      /root/.local/share/mise/installs/go/1.25.1/src/testing/testing.go:1934 +0x21c
  testing.(*T).Run.gowrap1()
      /root/.local/share/mise/installs/go/1.25.1/src/testing/testing.go:1997 +0x44

Previous write at 0x00c000108cd0 by goroutine 67:
  golang.org/x/text/cases.(*titleCaser).Transform()
      /root/go/pkg/mod/golang.org/x/text@v0.31.0/cases/map.go:336 +0x139
  golang.org/x/text/transform.String()
      /root/go/pkg/mod/golang.org/x/text@v0.31.0/transform/transform.go:601 +0x1c4
  golang.org/x/text/cases.Caser.String()
      /root/go/pkg/mod/golang.org/x/text@v0.31.0/cases/cases.go:51 +0x1ab5
  github.com/dkoosis/fo/pkg/design.RenderDirectMessage()
      /workspace/fo/pkg/design/render.go:630 +0x198
  github.com/dkoosis/fo/pkg/design.TestRenderDirectMessage_When_SuccessType()
      /workspace/fo/pkg/design/render_test.go:266 +0x64
  testing.tRunner()
      /root/.local/share/mise/installs/go/1.25.1/src/testing/testing.go:1934 +0x21c
  testing.(*T).Run.gowrap1()
      /root/.local/share/mise/installs/go/1.25.1/src/testing/testing.go:1997 +0x44

Goroutine 68 (running) created at:
  testing.(*T).Run()
      /root/.local/share/mise/installs/go/1.25.1/src/testing/testing.go:1997 +0x9d2
  testing.runTests.func1()
      /root/.local/share/mise/installs/go/1.25.1/src/testing/testing.go:2477 +0x85
  testing.tRunner()
      /root/.local/share/mise/installs/go/1.25.1/src/testing/testing.go:1934 +0x21c
  testing.runTests()
      /root/.local/share/mise/installs/go/1.25.1/src/testing/testing.go:2475 +0x96c
  testing.(*M).Run()
      /root/.local/share/mise/installs/go/1.25.1/src/testing/testing.go:2337 +0xed4
  main.main()
      _testmain.go:239 +0x164

Goroutine 67 (running) created at:
  testing.(*T).Run()
      /root/.local/share/mise/installs/go/1.25.1/src/testing/testing.go:1997 +0x9d2
  testing.runTests.func1()
      /root/.local/share/mise/installs/go/1.25.1/src/testing/testing.go:2477 +0x85
  testing.tRunner()
      /root/.local/share/mise/installs/go/1.25.1/src/testing/testing.go:1934 +0x21c
  testing.runTests()
      /root/.local/share/mise/installs/go/1.25.1/src/testing/testing.go:2475 +0x96c
  testing.(*M).Run()
      /root/.local/share/mise/installs/go/1.25.1/src/testing/testing.go:2337 +0xed4
  main.main()
      _testmain.go:239 +0x164
==================
--- FAIL: TestRenderDirectMessage_When_SuccessType (0.00s)
    testing.go:1617: race detected during execution of test
--- FAIL: TestRenderDirectMessage_When_ErrorType (0.01s)
    testing.go:1617: race detected during execution of test
--- FAIL: TestPatternMatcher_findToolConfig_When_CommandWithArgs (0.01s)
    testing.go:1617: race detected during execution of test
--- FAIL: TestTask_AddOutputLine_When_MultipleTypes (0.00s)
    testing.go:1617: race detected during execution of test
FAIL
FAIL	github.com/dkoosis/fo/pkg/design	0.207s
FAIL
